<?xml version="1.0" encoding="UTF-8"?>
<robot generator="Robot 3.1.2 (Python 3.8.2 on win32)" generated="20200429 15:10:27.514" rpa="false">
<suite id="s1" name="DDT1" source="C:\Users\elsys\Documents\Q_A_system\robot_pycharm2\TestCases\DDT1.robot">
<kw name="Open my Browser" library="login.resources" type="setup">
<kw name="Open Browser" library="Selenium2Library">
<doc>Opens a new browser instance to the given ``url``.</doc>
<arguments>
<arg>${URL}</arg>
<arg>${browser}</arg>
</arguments>
<msg timestamp="20200429 15:10:27.782" level="INFO">Opening browser 'Chrome' to base url 'https://admin-demo.nopcommerce.com'.</msg>
<status status="PASS" starttime="20200429 15:10:27.781" endtime="20200429 15:10:47.037"></status>
</kw>
<kw name="Maximize Browser Window" library="Selenium2Library">
<doc>Maximizes current browser window.</doc>
<status status="PASS" starttime="20200429 15:10:47.037" endtime="20200429 15:10:49.181"></status>
</kw>
<kw name="Sleep" library="BuiltIn">
<doc>Pauses the test executed for the given time.</doc>
<arguments>
<arg>4</arg>
</arguments>
<msg timestamp="20200429 15:10:53.184" level="INFO">Slept 4 seconds</msg>
<status status="PASS" starttime="20200429 15:10:49.181" endtime="20200429 15:10:53.184"></status>
</kw>
<kw name="Set Selenium Speed" library="Selenium2Library">
<doc>Sets the delay that is waited after each Selenium command.</doc>
<arguments>
<arg>1</arg>
</arguments>
<status status="PASS" starttime="20200429 15:10:53.184" endtime="20200429 15:10:53.185"></status>
</kw>
<kw name="Get Title" library="Selenium2Library">
<doc>Returns the title of current page.</doc>
<assign>
<var>${page_title}</var>
</assign>
<msg timestamp="20200429 15:10:54.199" level="INFO">${page_title} = Your store. Login</msg>
<status status="PASS" starttime="20200429 15:10:53.185" endtime="20200429 15:10:54.199"></status>
</kw>
<kw name="Log" library="BuiltIn">
<doc>Logs the given message with the given level.</doc>
<arguments>
<arg>${page_title}</arg>
</arguments>
<msg timestamp="20200429 15:10:54.199" level="INFO">Your store. Login</msg>
<status status="PASS" starttime="20200429 15:10:54.199" endtime="20200429 15:10:54.199"></status>
</kw>
<status status="PASS" starttime="20200429 15:10:27.781" endtime="20200429 15:10:54.200"></status>
</kw>
<test id="s1-t1" name="Right user empty pwd">
<kw name="Invalid Login">
<arguments>
<arg>${userfield}</arg>
<arg>${EMPTY}</arg>
</arguments>
<kw name="Input Username field" library="login.resources">
<arguments>
<arg>${username}</arg>
</arguments>
<kw name="Input Text" library="Selenium2Library">
<doc>Types the given ``text`` into text field identified by ``locator``.</doc>
<arguments>
<arg>id:Email</arg>
<arg>${username}</arg>
</arguments>
<msg timestamp="20200429 15:10:54.202" level="INFO">Typing text 'admin@yourstore.com' into text field 'id:Email'.</msg>
<status status="PASS" starttime="20200429 15:10:54.202" endtime="20200429 15:10:57.628"></status>
</kw>
<status status="PASS" starttime="20200429 15:10:54.202" endtime="20200429 15:10:57.628"></status>
</kw>
<kw name="Sleep" library="BuiltIn">
<doc>Pauses the test executed for the given time.</doc>
<arguments>
<arg>1</arg>
</arguments>
<msg timestamp="20200429 15:10:58.629" level="INFO">Slept 1 second</msg>
<status status="PASS" starttime="20200429 15:10:57.628" endtime="20200429 15:10:58.629"></status>
</kw>
<kw name="Input PWD" library="login.resources">
<arguments>
<arg>${password}</arg>
</arguments>
<kw name="Input Text" library="Selenium2Library">
<doc>Types the given ``text`` into text field identified by ``locator``.</doc>
<arguments>
<arg>id:Password</arg>
<arg>${password}</arg>
</arguments>
<msg timestamp="20200429 15:10:58.630" level="INFO">Typing text '' into text field 'id:Password'.</msg>
<status status="PASS" starttime="20200429 15:10:58.630" endtime="20200429 15:11:01.729"></status>
</kw>
<status status="PASS" starttime="20200429 15:10:58.629" endtime="20200429 15:11:01.729"></status>
</kw>
<kw name="Sleep" library="BuiltIn">
<doc>Pauses the test executed for the given time.</doc>
<arguments>
<arg>1</arg>
</arguments>
<msg timestamp="20200429 15:11:02.730" level="INFO">Slept 1 second</msg>
<status status="PASS" starttime="20200429 15:11:01.729" endtime="20200429 15:11:02.730"></status>
</kw>
<kw name="Click in login button" library="login.resources">
<kw name="Click Element" library="Selenium2Library">
<doc>Click element identified by ``locator``.</doc>
<arguments>
<arg>xpath://input[@class='button-1 login-button']</arg>
</arguments>
<msg timestamp="20200429 15:11:02.731" level="INFO">Clicking element 'xpath://input[@class='button-1 login-button']'.</msg>
<status status="PASS" starttime="20200429 15:11:02.731" endtime="20200429 15:11:06.057"></status>
</kw>
<status status="PASS" starttime="20200429 15:11:02.730" endtime="20200429 15:11:06.057"></status>
</kw>
<kw name="Sleep" library="BuiltIn">
<doc>Pauses the test executed for the given time.</doc>
<arguments>
<arg>2</arg>
</arguments>
<msg timestamp="20200429 15:11:08.058" level="INFO">Slept 2 seconds</msg>
<status status="PASS" starttime="20200429 15:11:06.057" endtime="20200429 15:11:08.058"></status>
</kw>
<kw name="Error Message should be visible" library="login.resources">
<kw name="Page Should Contain" library="Selenium2Library">
<doc>Verifies that current page contains ``text``.</doc>
<arguments>
<arg>Login was unsuccessful.</arg>
</arguments>
<msg timestamp="20200429 15:11:10.080" level="INFO">Current page contains text 'Login was unsuccessful.'.</msg>
<status status="PASS" starttime="20200429 15:11:08.058" endtime="20200429 15:11:10.080"></status>
</kw>
<status status="PASS" starttime="20200429 15:11:08.058" endtime="20200429 15:11:10.080"></status>
</kw>
<kw name="Sleep" library="BuiltIn">
<doc>Pauses the test executed for the given time.</doc>
<arguments>
<arg>2</arg>
</arguments>
<msg timestamp="20200429 15:11:12.083" level="INFO">Slept 2 seconds</msg>
<status status="PASS" starttime="20200429 15:11:10.080" endtime="20200429 15:11:12.083"></status>
</kw>
<status status="PASS" starttime="20200429 15:10:54.200" endtime="20200429 15:11:12.083"></status>
</kw>
<status status="PASS" starttime="20200429 15:10:54.200" endtime="20200429 15:11:12.084" critical="yes"></status>
</test>
<test id="s1-t2" name="Right user wrong pwd">
<kw name="Invalid Login">
<arguments>
<arg>${userfield}</arg>
<arg>${wrong_pass1}}</arg>
</arguments>
<kw name="Input Username field" library="login.resources">
<arguments>
<arg>${username}</arg>
</arguments>
<kw name="Input Text" library="Selenium2Library">
<doc>Types the given ``text`` into text field identified by ``locator``.</doc>
<arguments>
<arg>id:Email</arg>
<arg>${username}</arg>
</arguments>
<msg timestamp="20200429 15:11:12.087" level="INFO">Typing text 'admin@yourstore.com' into text field 'id:Email'.</msg>
<status status="PASS" starttime="20200429 15:11:12.087" endtime="20200429 15:11:15.260"></status>
</kw>
<status status="PASS" starttime="20200429 15:11:12.086" endtime="20200429 15:11:15.260"></status>
</kw>
<kw name="Sleep" library="BuiltIn">
<doc>Pauses the test executed for the given time.</doc>
<arguments>
<arg>1</arg>
</arguments>
<msg timestamp="20200429 15:11:16.262" level="INFO">Slept 1 second</msg>
<status status="PASS" starttime="20200429 15:11:15.260" endtime="20200429 15:11:16.262"></status>
</kw>
<kw name="Input PWD" library="login.resources">
<arguments>
<arg>${password}</arg>
</arguments>
<kw name="Input Text" library="Selenium2Library">
<doc>Types the given ``text`` into text field identified by ``locator``.</doc>
<arguments>
<arg>id:Password</arg>
<arg>${password}</arg>
</arguments>
<msg timestamp="20200429 15:11:16.263" level="INFO">Typing text 'xzsdd}' into text field 'id:Password'.</msg>
<status status="PASS" starttime="20200429 15:11:16.262" endtime="20200429 15:11:19.389"></status>
</kw>
<status status="PASS" starttime="20200429 15:11:16.262" endtime="20200429 15:11:19.389"></status>
</kw>
<kw name="Sleep" library="BuiltIn">
<doc>Pauses the test executed for the given time.</doc>
<arguments>
<arg>1</arg>
</arguments>
<msg timestamp="20200429 15:11:20.391" level="INFO">Slept 1 second</msg>
<status status="PASS" starttime="20200429 15:11:19.389" endtime="20200429 15:11:20.391"></status>
</kw>
<kw name="Click in login button" library="login.resources">
<kw name="Click Element" library="Selenium2Library">
<doc>Click element identified by ``locator``.</doc>
<arguments>
<arg>xpath://input[@class='button-1 login-button']</arg>
</arguments>
<msg timestamp="20200429 15:11:20.392" level="INFO">Clicking element 'xpath://input[@class='button-1 login-button']'.</msg>
<status status="PASS" starttime="20200429 15:11:20.392" endtime="20200429 15:11:23.762"></status>
</kw>
<status status="PASS" starttime="20200429 15:11:20.391" endtime="20200429 15:11:23.762"></status>
</kw>
<kw name="Sleep" library="BuiltIn">
<doc>Pauses the test executed for the given time.</doc>
<arguments>
<arg>2</arg>
</arguments>
<msg timestamp="20200429 15:11:25.765" level="INFO">Slept 2 seconds</msg>
<status status="PASS" starttime="20200429 15:11:23.763" endtime="20200429 15:11:25.765"></status>
</kw>
<kw name="Error Message should be visible" library="login.resources">
<kw name="Page Should Contain" library="Selenium2Library">
<doc>Verifies that current page contains ``text``.</doc>
<arguments>
<arg>Login was unsuccessful.</arg>
</arguments>
<msg timestamp="20200429 15:11:27.781" level="INFO">Current page contains text 'Login was unsuccessful.'.</msg>
<status status="PASS" starttime="20200429 15:11:25.765" endtime="20200429 15:11:27.782"></status>
</kw>
<status status="PASS" starttime="20200429 15:11:25.765" endtime="20200429 15:11:27.782"></status>
</kw>
<kw name="Sleep" library="BuiltIn">
<doc>Pauses the test executed for the given time.</doc>
<arguments>
<arg>2</arg>
</arguments>
<msg timestamp="20200429 15:11:29.784" level="INFO">Slept 2 seconds</msg>
<status status="PASS" starttime="20200429 15:11:27.782" endtime="20200429 15:11:29.784"></status>
</kw>
<status status="PASS" starttime="20200429 15:11:12.086" endtime="20200429 15:11:29.784"></status>
</kw>
<status status="PASS" starttime="20200429 15:11:12.086" endtime="20200429 15:11:29.785" critical="yes"></status>
</test>
<test id="s1-t3" name="wrong user right pass">
<kw name="Invalid Login">
<arguments>
<arg>${wrong_user1}</arg>
<arg>${right_passaword}</arg>
</arguments>
<kw name="Input Username field" library="login.resources">
<arguments>
<arg>${username}</arg>
</arguments>
<kw name="Input Text" library="Selenium2Library">
<doc>Types the given ``text`` into text field identified by ``locator``.</doc>
<arguments>
<arg>id:Email</arg>
<arg>${username}</arg>
</arguments>
<msg timestamp="20200429 15:11:29.788" level="INFO">Typing text 'admin123@yourstore.com' into text field 'id:Email'.</msg>
<status status="PASS" starttime="20200429 15:11:29.788" endtime="20200429 15:11:32.960"></status>
</kw>
<status status="PASS" starttime="20200429 15:11:29.788" endtime="20200429 15:11:32.960"></status>
</kw>
<kw name="Sleep" library="BuiltIn">
<doc>Pauses the test executed for the given time.</doc>
<arguments>
<arg>1</arg>
</arguments>
<msg timestamp="20200429 15:11:33.961" level="INFO">Slept 1 second</msg>
<status status="PASS" starttime="20200429 15:11:32.960" endtime="20200429 15:11:33.961"></status>
</kw>
<kw name="Input PWD" library="login.resources">
<arguments>
<arg>${password}</arg>
</arguments>
<kw name="Input Text" library="Selenium2Library">
<doc>Types the given ``text`` into text field identified by ``locator``.</doc>
<arguments>
<arg>id:Password</arg>
<arg>${password}</arg>
</arguments>
<msg timestamp="20200429 15:11:33.962" level="INFO">Typing text 'admin' into text field 'id:Password'.</msg>
<status status="PASS" starttime="20200429 15:11:33.962" endtime="20200429 15:11:37.072"></status>
</kw>
<status status="PASS" starttime="20200429 15:11:33.961" endtime="20200429 15:11:37.072"></status>
</kw>
<kw name="Sleep" library="BuiltIn">
<doc>Pauses the test executed for the given time.</doc>
<arguments>
<arg>1</arg>
</arguments>
<msg timestamp="20200429 15:11:38.074" level="INFO">Slept 1 second</msg>
<status status="PASS" starttime="20200429 15:11:37.072" endtime="20200429 15:11:38.074"></status>
</kw>
<kw name="Click in login button" library="login.resources">
<kw name="Click Element" library="Selenium2Library">
<doc>Click element identified by ``locator``.</doc>
<arguments>
<arg>xpath://input[@class='button-1 login-button']</arg>
</arguments>
<msg timestamp="20200429 15:11:38.074" level="INFO">Clicking element 'xpath://input[@class='button-1 login-button']'.</msg>
<status status="PASS" starttime="20200429 15:11:38.074" endtime="20200429 15:11:41.540"></status>
</kw>
<status status="PASS" starttime="20200429 15:11:38.074" endtime="20200429 15:11:41.540"></status>
</kw>
<kw name="Sleep" library="BuiltIn">
<doc>Pauses the test executed for the given time.</doc>
<arguments>
<arg>2</arg>
</arguments>
<msg timestamp="20200429 15:11:43.543" level="INFO">Slept 2 seconds</msg>
<status status="PASS" starttime="20200429 15:11:41.541" endtime="20200429 15:11:43.543"></status>
</kw>
<kw name="Error Message should be visible" library="login.resources">
<kw name="Page Should Contain" library="Selenium2Library">
<doc>Verifies that current page contains ``text``.</doc>
<arguments>
<arg>Login was unsuccessful.</arg>
</arguments>
<msg timestamp="20200429 15:11:45.558" level="INFO">Current page contains text 'Login was unsuccessful.'.</msg>
<status status="PASS" starttime="20200429 15:11:43.543" endtime="20200429 15:11:45.558"></status>
</kw>
<status status="PASS" starttime="20200429 15:11:43.543" endtime="20200429 15:11:45.558"></status>
</kw>
<kw name="Sleep" library="BuiltIn">
<doc>Pauses the test executed for the given time.</doc>
<arguments>
<arg>2</arg>
</arguments>
<msg timestamp="20200429 15:11:47.561" level="INFO">Slept 2 seconds</msg>
<status status="PASS" starttime="20200429 15:11:45.558" endtime="20200429 15:11:47.561"></status>
</kw>
<status status="PASS" starttime="20200429 15:11:29.787" endtime="20200429 15:11:47.561"></status>
</kw>
<status status="PASS" starttime="20200429 15:11:29.787" endtime="20200429 15:11:47.562" critical="yes"></status>
</test>
<test id="s1-t4" name="wrong user empty pass">
<kw name="Invalid Login">
<arguments>
<arg>${wrong_user1}</arg>
<arg>${EMPTY}</arg>
</arguments>
<kw name="Input Username field" library="login.resources">
<arguments>
<arg>${username}</arg>
</arguments>
<kw name="Input Text" library="Selenium2Library">
<doc>Types the given ``text`` into text field identified by ``locator``.</doc>
<arguments>
<arg>id:Email</arg>
<arg>${username}</arg>
</arguments>
<msg timestamp="20200429 15:11:47.565" level="INFO">Typing text 'admin123@yourstore.com' into text field 'id:Email'.</msg>
<status status="PASS" starttime="20200429 15:11:47.565" endtime="20200429 15:11:50.738"></status>
</kw>
<status status="PASS" starttime="20200429 15:11:47.565" endtime="20200429 15:11:50.738"></status>
</kw>
<kw name="Sleep" library="BuiltIn">
<doc>Pauses the test executed for the given time.</doc>
<arguments>
<arg>1</arg>
</arguments>
<msg timestamp="20200429 15:11:51.741" level="INFO">Slept 1 second</msg>
<status status="PASS" starttime="20200429 15:11:50.738" endtime="20200429 15:11:51.741"></status>
</kw>
<kw name="Input PWD" library="login.resources">
<arguments>
<arg>${password}</arg>
</arguments>
<kw name="Input Text" library="Selenium2Library">
<doc>Types the given ``text`` into text field identified by ``locator``.</doc>
<arguments>
<arg>id:Password</arg>
<arg>${password}</arg>
</arguments>
<msg timestamp="20200429 15:11:51.742" level="INFO">Typing text '' into text field 'id:Password'.</msg>
<status status="PASS" starttime="20200429 15:11:51.742" endtime="20200429 15:11:54.839"></status>
</kw>
<status status="PASS" starttime="20200429 15:11:51.741" endtime="20200429 15:11:54.839"></status>
</kw>
<kw name="Sleep" library="BuiltIn">
<doc>Pauses the test executed for the given time.</doc>
<arguments>
<arg>1</arg>
</arguments>
<msg timestamp="20200429 15:11:55.841" level="INFO">Slept 1 second</msg>
<status status="PASS" starttime="20200429 15:11:54.839" endtime="20200429 15:11:55.841"></status>
</kw>
<kw name="Click in login button" library="login.resources">
<kw name="Click Element" library="Selenium2Library">
<doc>Click element identified by ``locator``.</doc>
<arguments>
<arg>xpath://input[@class='button-1 login-button']</arg>
</arguments>
<msg timestamp="20200429 15:11:55.842" level="INFO">Clicking element 'xpath://input[@class='button-1 login-button']'.</msg>
<status status="PASS" starttime="20200429 15:11:55.841" endtime="20200429 15:11:58.864"></status>
</kw>
<status status="PASS" starttime="20200429 15:11:55.841" endtime="20200429 15:11:58.864"></status>
</kw>
<kw name="Sleep" library="BuiltIn">
<doc>Pauses the test executed for the given time.</doc>
<arguments>
<arg>2</arg>
</arguments>
<msg timestamp="20200429 15:12:00.865" level="INFO">Slept 2 seconds</msg>
<status status="PASS" starttime="20200429 15:11:58.864" endtime="20200429 15:12:00.865"></status>
</kw>
<kw name="Error Message should be visible" library="login.resources">
<kw name="Page Should Contain" library="Selenium2Library">
<doc>Verifies that current page contains ``text``.</doc>
<arguments>
<arg>Login was unsuccessful.</arg>
</arguments>
<msg timestamp="20200429 15:12:02.885" level="INFO">Current page contains text 'Login was unsuccessful.'.</msg>
<status status="PASS" starttime="20200429 15:12:00.866" endtime="20200429 15:12:02.885"></status>
</kw>
<status status="PASS" starttime="20200429 15:12:00.865" endtime="20200429 15:12:02.885"></status>
</kw>
<kw name="Sleep" library="BuiltIn">
<doc>Pauses the test executed for the given time.</doc>
<arguments>
<arg>2</arg>
</arguments>
<msg timestamp="20200429 15:12:04.888" level="INFO">Slept 2 seconds</msg>
<status status="PASS" starttime="20200429 15:12:02.885" endtime="20200429 15:12:04.888"></status>
</kw>
<status status="PASS" starttime="20200429 15:11:47.564" endtime="20200429 15:12:04.888"></status>
</kw>
<status status="PASS" starttime="20200429 15:11:47.563" endtime="20200429 15:12:04.889" critical="yes"></status>
</test>
<kw name="Closing Browsers" library="login.resources" type="teardown">
<kw name="Close All Browsers" library="Selenium2Library">
<doc>Closes all open browsers and resets the browser cache.</doc>
<status status="PASS" starttime="20200429 15:12:04.891" endtime="20200429 15:12:07.963"></status>
</kw>
<status status="PASS" starttime="20200429 15:12:04.891" endtime="20200429 15:12:07.963"></status>
</kw>
<status status="PASS" starttime="20200429 15:10:27.516" endtime="20200429 15:12:07.963"></status>
</suite>
<statistics>
<total>
<stat pass="4" fail="0">Critical Tests</stat>
<stat pass="4" fail="0">All Tests</stat>
</total>
<tag>
</tag>
<suite>
<stat pass="4" fail="0" id="s1" name="DDT1">DDT1</stat>
</suite>
</statistics>
<errors>
</errors>
</robot>
