<?xml version="1.0" encoding="UTF-8"?>
<robot generator="Robot 3.1.2 (Python 3.6.9 on linux)" generated="20200425 00:15:51.246" rpa="false">
<suite id="s1" name="DDT2" source="/home/elsys/PycharmProjects/robot_frame/TestCases/DDT2.robot">
<kw name="Open my Browser" library="login.resources" type="setup">
<kw name="Open Browser" library="Selenium2Library">
<doc>Opens a new browser instance to the given ``url``.</doc>
<arguments>
<arg>${URL}</arg>
<arg>${browser}</arg>
</arguments>
<msg timestamp="20200425 00:15:51.616" level="INFO">Opening browser 'Chrome' to base url 'https://admin-demo.nopcommerce.com'.</msg>
<status status="PASS" starttime="20200425 00:15:51.615" endtime="20200425 00:15:55.335"></status>
</kw>
<kw name="Maximize Browser Window" library="Selenium2Library">
<doc>Maximizes current browser window.</doc>
<status status="PASS" starttime="20200425 00:15:55.335" endtime="20200425 00:15:55.444"></status>
</kw>
<kw name="Sleep" library="BuiltIn">
<doc>Pauses the test executed for the given time.</doc>
<arguments>
<arg>4</arg>
</arguments>
<msg timestamp="20200425 00:15:59.445" level="INFO">Slept 4 seconds</msg>
<status status="PASS" starttime="20200425 00:15:55.444" endtime="20200425 00:15:59.445"></status>
</kw>
<kw name="Set Selenium Speed" library="Selenium2Library">
<doc>Sets the delay that is waited after each Selenium command.</doc>
<arguments>
<arg>1</arg>
</arguments>
<status status="PASS" starttime="20200425 00:15:59.446" endtime="20200425 00:15:59.447"></status>
</kw>
<kw name="Get Title" library="Selenium2Library">
<doc>Returns the title of current page.</doc>
<assign>
<var>${page_title}</var>
</assign>
<msg timestamp="20200425 00:16:00.462" level="INFO">${page_title} = Your store. Login</msg>
<status status="PASS" starttime="20200425 00:15:59.447" endtime="20200425 00:16:00.462"></status>
</kw>
<kw name="Log" library="BuiltIn">
<doc>Logs the given message with the given level.</doc>
<arguments>
<arg>${page_title}</arg>
</arguments>
<msg timestamp="20200425 00:16:00.464" level="INFO">Your store. Login</msg>
<status status="PASS" starttime="20200425 00:16:00.463" endtime="20200425 00:16:00.464"></status>
</kw>
<status status="PASS" starttime="20200425 00:15:51.615" endtime="20200425 00:16:00.464"></status>
</kw>
<test id="s1-t1" name="Loginwithexcel using admin222@yourstore.com adm11">
<kw name="Invalid Login">
<arguments>
<arg>admin222@yourstore.com</arg>
<arg>adm11</arg>
</arguments>
<kw name="Input Username field" library="login.resources">
<arguments>
<arg>${username}</arg>
</arguments>
<kw name="Input Text" library="Selenium2Library">
<doc>Types the given ``text`` into text field identified by ``locator``.</doc>
<arguments>
<arg>id:Email</arg>
<arg>${username}</arg>
</arguments>
<msg timestamp="20200425 00:16:00.472" level="INFO">Typing text 'admin222@yourstore.com' into text field 'id:Email'.</msg>
<status status="PASS" starttime="20200425 00:16:00.470" endtime="20200425 00:16:03.652"></status>
</kw>
<status status="PASS" starttime="20200425 00:16:00.469" endtime="20200425 00:16:03.652"></status>
</kw>
<kw name="Sleep" library="BuiltIn">
<doc>Pauses the test executed for the given time.</doc>
<arguments>
<arg>1</arg>
</arguments>
<msg timestamp="20200425 00:16:04.654" level="INFO">Slept 1 second</msg>
<status status="PASS" starttime="20200425 00:16:03.653" endtime="20200425 00:16:04.654"></status>
</kw>
<kw name="Input PWD" library="login.resources">
<arguments>
<arg>${password}</arg>
</arguments>
<kw name="Input Text" library="Selenium2Library">
<doc>Types the given ``text`` into text field identified by ``locator``.</doc>
<arguments>
<arg>id:Password</arg>
<arg>${password}</arg>
</arguments>
<msg timestamp="20200425 00:16:04.657" level="INFO">Typing text 'adm11' into text field 'id:Password'.</msg>
<status status="PASS" starttime="20200425 00:16:04.656" endtime="20200425 00:16:07.824"></status>
</kw>
<status status="PASS" starttime="20200425 00:16:04.655" endtime="20200425 00:16:07.824"></status>
</kw>
<kw name="Sleep" library="BuiltIn">
<doc>Pauses the test executed for the given time.</doc>
<arguments>
<arg>1</arg>
</arguments>
<msg timestamp="20200425 00:16:08.826" level="INFO">Slept 1 second</msg>
<status status="PASS" starttime="20200425 00:16:07.825" endtime="20200425 00:16:08.826"></status>
</kw>
<kw name="Click in login button" library="login.resources">
<kw name="Click Element" library="Selenium2Library">
<doc>Click element identified by ``locator``.</doc>
<arguments>
<arg>xpath://input[@class='button-1 login-button']</arg>
</arguments>
<msg timestamp="20200425 00:16:08.829" level="INFO">Clicking element 'xpath://input[@class='button-1 login-button']'.</msg>
<status status="PASS" starttime="20200425 00:16:08.828" endtime="20200425 00:16:11.421"></status>
</kw>
<status status="PASS" starttime="20200425 00:16:08.827" endtime="20200425 00:16:11.422"></status>
</kw>
<kw name="Sleep" library="BuiltIn">
<doc>Pauses the test executed for the given time.</doc>
<arguments>
<arg>2</arg>
</arguments>
<msg timestamp="20200425 00:16:13.423" level="INFO">Slept 2 seconds</msg>
<status status="PASS" starttime="20200425 00:16:11.422" endtime="20200425 00:16:13.424"></status>
</kw>
<kw name="Error Message should be visible" library="login.resources">
<kw name="Page Should Contain" library="Selenium2Library">
<doc>Verifies that current page contains ``text``.</doc>
<arguments>
<arg>Login was unsuccessful.</arg>
</arguments>
<msg timestamp="20200425 00:16:15.477" level="INFO">Current page contains text 'Login was unsuccessful.'.</msg>
<status status="PASS" starttime="20200425 00:16:13.425" endtime="20200425 00:16:15.478"></status>
</kw>
<status status="PASS" starttime="20200425 00:16:13.424" endtime="20200425 00:16:15.478"></status>
</kw>
<kw name="Sleep" library="BuiltIn">
<doc>Pauses the test executed for the given time.</doc>
<arguments>
<arg>2</arg>
</arguments>
<msg timestamp="20200425 00:16:17.479" level="INFO">Slept 2 seconds</msg>
<status status="PASS" starttime="20200425 00:16:15.479" endtime="20200425 00:16:17.480"></status>
</kw>
<status status="PASS" starttime="20200425 00:16:00.468" endtime="20200425 00:16:17.480"></status>
</kw>
<status status="PASS" starttime="20200425 00:16:00.465" endtime="20200425 00:16:17.481" critical="yes"></status>
</test>
<test id="s1-t2" name="Loginwithexcel using admin@yourstore222.com adm33443">
<kw name="Invalid Login">
<arguments>
<arg>admin@yourstore222.com</arg>
<arg>adm33443</arg>
</arguments>
<kw name="Input Username field" library="login.resources">
<arguments>
<arg>${username}</arg>
</arguments>
<kw name="Input Text" library="Selenium2Library">
<doc>Types the given ``text`` into text field identified by ``locator``.</doc>
<arguments>
<arg>id:Email</arg>
<arg>${username}</arg>
</arguments>
<msg timestamp="20200425 00:16:17.487" level="INFO">Typing text 'admin@yourstore222.com' into text field 'id:Email'.</msg>
<status status="PASS" starttime="20200425 00:16:17.487" endtime="20200425 00:16:20.656"></status>
</kw>
<status status="PASS" starttime="20200425 00:16:17.486" endtime="20200425 00:16:20.656"></status>
</kw>
<kw name="Sleep" library="BuiltIn">
<doc>Pauses the test executed for the given time.</doc>
<arguments>
<arg>1</arg>
</arguments>
<msg timestamp="20200425 00:16:21.658" level="INFO">Slept 1 second</msg>
<status status="PASS" starttime="20200425 00:16:20.657" endtime="20200425 00:16:21.658"></status>
</kw>
<kw name="Input PWD" library="login.resources">
<arguments>
<arg>${password}</arg>
</arguments>
<kw name="Input Text" library="Selenium2Library">
<doc>Types the given ``text`` into text field identified by ``locator``.</doc>
<arguments>
<arg>id:Password</arg>
<arg>${password}</arg>
</arguments>
<msg timestamp="20200425 00:16:21.661" level="INFO">Typing text 'adm33443' into text field 'id:Password'.</msg>
<status status="PASS" starttime="20200425 00:16:21.660" endtime="20200425 00:16:24.822"></status>
</kw>
<status status="PASS" starttime="20200425 00:16:21.659" endtime="20200425 00:16:24.822"></status>
</kw>
<kw name="Sleep" library="BuiltIn">
<doc>Pauses the test executed for the given time.</doc>
<arguments>
<arg>1</arg>
</arguments>
<msg timestamp="20200425 00:16:25.823" level="INFO">Slept 1 second</msg>
<status status="PASS" starttime="20200425 00:16:24.822" endtime="20200425 00:16:25.824"></status>
</kw>
<kw name="Click in login button" library="login.resources">
<kw name="Click Element" library="Selenium2Library">
<doc>Click element identified by ``locator``.</doc>
<arguments>
<arg>xpath://input[@class='button-1 login-button']</arg>
</arguments>
<msg timestamp="20200425 00:16:25.826" level="INFO">Clicking element 'xpath://input[@class='button-1 login-button']'.</msg>
<status status="PASS" starttime="20200425 00:16:25.826" endtime="20200425 00:16:29.804"></status>
</kw>
<status status="PASS" starttime="20200425 00:16:25.825" endtime="20200425 00:16:29.805"></status>
</kw>
<kw name="Sleep" library="BuiltIn">
<doc>Pauses the test executed for the given time.</doc>
<arguments>
<arg>2</arg>
</arguments>
<msg timestamp="20200425 00:16:31.806" level="INFO">Slept 2 seconds</msg>
<status status="PASS" starttime="20200425 00:16:29.805" endtime="20200425 00:16:31.807"></status>
</kw>
<kw name="Error Message should be visible" library="login.resources">
<kw name="Page Should Contain" library="Selenium2Library">
<doc>Verifies that current page contains ``text``.</doc>
<arguments>
<arg>Login was unsuccessful.</arg>
</arguments>
<msg timestamp="20200425 00:16:33.848" level="INFO">Current page contains text 'Login was unsuccessful.'.</msg>
<status status="PASS" starttime="20200425 00:16:31.808" endtime="20200425 00:16:33.849"></status>
</kw>
<status status="PASS" starttime="20200425 00:16:31.807" endtime="20200425 00:16:33.849"></status>
</kw>
<kw name="Sleep" library="BuiltIn">
<doc>Pauses the test executed for the given time.</doc>
<arguments>
<arg>2</arg>
</arguments>
<msg timestamp="20200425 00:16:35.851" level="INFO">Slept 2 seconds</msg>
<status status="PASS" starttime="20200425 00:16:33.850" endtime="20200425 00:16:35.851"></status>
</kw>
<status status="PASS" starttime="20200425 00:16:17.484" endtime="20200425 00:16:35.852"></status>
</kw>
<status status="PASS" starttime="20200425 00:16:17.483" endtime="20200425 00:16:35.852" critical="yes"></status>
</test>
<test id="s1-t3" name="Loginwithexcel using admin@444yourstore.com adm33443">
<kw name="Invalid Login">
<arguments>
<arg>admin@444yourstore.com</arg>
<arg>adm33443</arg>
</arguments>
<kw name="Input Username field" library="login.resources">
<arguments>
<arg>${username}</arg>
</arguments>
<kw name="Input Text" library="Selenium2Library">
<doc>Types the given ``text`` into text field identified by ``locator``.</doc>
<arguments>
<arg>id:Email</arg>
<arg>${username}</arg>
</arguments>
<msg timestamp="20200425 00:16:35.857" level="INFO">Typing text 'admin@444yourstore.com' into text field 'id:Email'.</msg>
<status status="PASS" starttime="20200425 00:16:35.856" endtime="20200425 00:16:39.053"></status>
</kw>
<status status="PASS" starttime="20200425 00:16:35.856" endtime="20200425 00:16:39.054"></status>
</kw>
<kw name="Sleep" library="BuiltIn">
<doc>Pauses the test executed for the given time.</doc>
<arguments>
<arg>1</arg>
</arguments>
<msg timestamp="20200425 00:16:40.055" level="INFO">Slept 1 second</msg>
<status status="PASS" starttime="20200425 00:16:39.054" endtime="20200425 00:16:40.056"></status>
</kw>
<kw name="Input PWD" library="login.resources">
<arguments>
<arg>${password}</arg>
</arguments>
<kw name="Input Text" library="Selenium2Library">
<doc>Types the given ``text`` into text field identified by ``locator``.</doc>
<arguments>
<arg>id:Password</arg>
<arg>${password}</arg>
</arguments>
<msg timestamp="20200425 00:16:40.058" level="INFO">Typing text 'adm33443' into text field 'id:Password'.</msg>
<status status="PASS" starttime="20200425 00:16:40.058" endtime="20200425 00:16:43.249"></status>
</kw>
<status status="PASS" starttime="20200425 00:16:40.056" endtime="20200425 00:16:43.249"></status>
</kw>
<kw name="Sleep" library="BuiltIn">
<doc>Pauses the test executed for the given time.</doc>
<arguments>
<arg>1</arg>
</arguments>
<msg timestamp="20200425 00:16:44.251" level="INFO">Slept 1 second</msg>
<status status="PASS" starttime="20200425 00:16:43.250" endtime="20200425 00:16:44.252"></status>
</kw>
<kw name="Click in login button" library="login.resources">
<kw name="Click Element" library="Selenium2Library">
<doc>Click element identified by ``locator``.</doc>
<arguments>
<arg>xpath://input[@class='button-1 login-button']</arg>
</arguments>
<msg timestamp="20200425 00:16:44.254" level="INFO">Clicking element 'xpath://input[@class='button-1 login-button']'.</msg>
<status status="PASS" starttime="20200425 00:16:44.253" endtime="20200425 00:16:46.858"></status>
</kw>
<status status="PASS" starttime="20200425 00:16:44.252" endtime="20200425 00:16:46.858"></status>
</kw>
<kw name="Sleep" library="BuiltIn">
<doc>Pauses the test executed for the given time.</doc>
<arguments>
<arg>2</arg>
</arguments>
<msg timestamp="20200425 00:16:48.860" level="INFO">Slept 2 seconds</msg>
<status status="PASS" starttime="20200425 00:16:46.859" endtime="20200425 00:16:48.860"></status>
</kw>
<kw name="Error Message should be visible" library="login.resources">
<kw name="Page Should Contain" library="Selenium2Library">
<doc>Verifies that current page contains ``text``.</doc>
<arguments>
<arg>Login was unsuccessful.</arg>
</arguments>
<msg timestamp="20200425 00:16:50.901" level="INFO">Current page contains text 'Login was unsuccessful.'.</msg>
<status status="PASS" starttime="20200425 00:16:48.862" endtime="20200425 00:16:50.902"></status>
</kw>
<status status="PASS" starttime="20200425 00:16:48.861" endtime="20200425 00:16:50.902"></status>
</kw>
<kw name="Sleep" library="BuiltIn">
<doc>Pauses the test executed for the given time.</doc>
<arguments>
<arg>2</arg>
</arguments>
<msg timestamp="20200425 00:16:52.904" level="INFO">Slept 2 seconds</msg>
<status status="PASS" starttime="20200425 00:16:50.903" endtime="20200425 00:16:52.904"></status>
</kw>
<status status="PASS" starttime="20200425 00:16:35.855" endtime="20200425 00:16:52.905"></status>
</kw>
<status status="PASS" starttime="20200425 00:16:35.854" endtime="20200425 00:16:52.905" critical="yes"></status>
</test>
<kw name="Closing Browsers" library="login.resources" type="teardown">
<kw name="Close All Browsers" library="Selenium2Library">
<doc>Closes all open browsers and resets the browser cache.</doc>
<status status="PASS" starttime="20200425 00:16:52.911" endtime="20200425 00:16:53.973"></status>
</kw>
<status status="PASS" starttime="20200425 00:16:52.910" endtime="20200425 00:16:53.973"></status>
</kw>
<status status="PASS" starttime="20200425 00:15:51.247" endtime="20200425 00:16:53.973"></status>
</suite>
<statistics>
<total>
<stat pass="3" fail="0">Critical Tests</stat>
<stat pass="3" fail="0">All Tests</stat>
</total>
<tag>
</tag>
<suite>
<stat pass="3" fail="0" id="s1" name="DDT2">DDT2</stat>
</suite>
</statistics>
<errors>
</errors>
</robot>
